<?xml version="1.0" encoding="UTF-8"?>
<!-- Generated by org.testng.reporters.JUnitReportReporter -->
<testsuite hostname="DESKTOP-NIQJ2O8" name="jacoco.jacoco_example.AppTest" tests="1" failures="0" timestamp="1 Jun 2019 10:29:36 GMT" time="0.039" errors="0">
  <testcase name="testStudyGroupClass" time="0.039" classname="jacoco.jacoco_example.AppTest"/>
</testsuite> <!-- jacoco.jacoco_example.AppTest -->
